<?xml version="1.0" encoding="UTF-8"?>
<!-- Generated by org.testng.reporters.JUnitReportReporter -->
<testsuite skipped="0" hostname="HMECL001027" name="WHC_Renewal.WHC_Renewal.AppTest" tests="1" failures="0" timestamp="18 Jan 2019 06:50:54 GMT" time="0.004" errors="0">
  <testcase name="testApp" time="0.004" classname="WHC_Renewal.WHC_Renewal.AppTest"/>
</testsuite> <!-- WHC_Renewal.WHC_Renewal.AppTest -->
