<?xml version="1.0" encoding="UTF-8"?>
<!-- Generated by org.testng.reporters.JUnitReportReporter -->
<testsuite skipped="0" hostname="HMECL001027" name="com.tests.CrmLoginTest" tests="1" failures="0" timestamp="18 Jan 2019 10:50:40 GMT" time="17.546" errors="0">
  <testcase name="verifyLogin" time="17.546" classname="com.tests.CrmLoginTest"/>
</testsuite> <!-- com.tests.CrmLoginTest -->
