<?xml version="1.0" encoding="UTF-8"?>
<!-- Generated by org.testng.reporters.JUnitReportReporter -->
<testsuite skipped="0" hostname="HMECL001027" name="com.tests.UpgradeCustomerTest" tests="1" failures="0" timestamp="21 Jan 2019 09:31:10 GMT" time="72.069" errors="0">
  <testcase name="UpdateCust" time="72.069" classname="com.tests.UpgradeCustomerTest"/>
</testsuite> <!-- com.tests.UpgradeCustomerTest -->
