<?xml version="1.0" encoding="UTF-8"?>
<!-- Generated by org.testng.reporters.JUnitReportReporter -->
<testsuite skipped="0" hostname="HMECL001027" name="com.tests.RenewCustomerTest" tests="1" failures="0" timestamp="21 Jan 2019 09:27:49 GMT" time="64.016" errors="0">
  <testcase name="verifyLogin" time="64.016" classname="com.tests.RenewCustomerTest"/>
</testsuite> <!-- com.tests.RenewCustomerTest -->
